c:\users\larissa\documents\github\tetris\cgvstudio\cgvstudio\debug\vc140.pdb
c:\users\larissa\documents\github\tetris\cgvstudio\cgvstudio\debug\vc140.idb
c:\users\larissa\documents\github\tetris\cgvstudio\cgvstudio\debug\linemodel.obj
c:\users\larissa\documents\github\tetris\cgvstudio\cgvstudio\debug\playingfield.obj
c:\users\larissa\documents\github\tetris\cgvstudio\cgvstudio\debug\shaderlightmapper.obj
c:\users\larissa\documents\github\tetris\cgvstudio\cgvstudio\debug\lights.obj
c:\users\larissa\documents\github\tetris\cgvstudio\cgvstudio\debug\lineplanemodel.obj
c:\users\larissa\documents\github\tetris\cgvstudio\cgvstudio\debug\main.obj
c:\users\larissa\documents\github\tetris\cgvstudio\cgvstudio\debug\matrix.obj
c:\users\larissa\documents\github\tetris\cgvstudio\cgvstudio\debug\model.obj
c:\users\larissa\documents\github\tetris\cgvstudio\cgvstudio\debug\phongshader.obj
c:\users\larissa\documents\github\tetris\cgvstudio\cgvstudio\debug\rgbimage.obj
c:\users\larissa\documents\github\tetris\cgvstudio\cgvstudio\debug\tetromino.obj
c:\users\larissa\documents\github\tetris\cgvstudio\cgvstudio\debug\tetrominoi.obj
c:\users\larissa\documents\github\tetris\cgvstudio\cgvstudio\debug\tetrominol.obj
c:\users\larissa\documents\github\tetris\cgvstudio\cgvstudio\debug\tetrominoo.obj
c:\users\larissa\documents\github\tetris\cgvstudio\cgvstudio\debug\tetrominos.obj
c:\users\larissa\documents\github\tetris\cgvstudio\cgvstudio\debug\texture.obj
c:\users\larissa\documents\github\tetris\cgvstudio\cgvstudio\debug\triangleboxmodel.obj
c:\users\larissa\documents\github\tetris\cgvstudio\cgvstudio\debug\triangleplanemodel.obj
c:\users\larissa\documents\github\tetris\cgvstudio\cgvstudio\debug\vector.obj
c:\users\larissa\documents\github\tetris\cgvstudio\cgvstudio\debug\vertexbuffer.obj
c:\users\larissa\documents\github\tetris\cgvstudio\cgvstudio\debug\aabb.obj
c:\users\larissa\documents\github\tetris\cgvstudio\cgvstudio\debug\application.obj
c:\users\larissa\documents\github\tetris\cgvstudio\cgvstudio\debug\basemodel.obj
c:\users\larissa\documents\github\tetris\cgvstudio\cgvstudio\debug\baseshader.obj
c:\users\larissa\documents\github\tetris\cgvstudio\cgvstudio\debug\camera.obj
c:\users\larissa\documents\github\tetris\cgvstudio\cgvstudio\debug\color.obj
c:\users\larissa\documents\github\tetris\cgvstudio\cgvstudio\debug\constantshader.obj
c:\users\larissa\documents\github\tetris\cgvstudio\cgvstudio\debug\framebuffer.obj
c:\users\larissa\documents\github\tetris\cgvstudio\cgvstudio\debug\indexbuffer.obj
c:\users\larissa\documents\github\tetris\cgvstudio\debug\tetris.ilk
c:\users\larissa\documents\github\tetris\cgvstudio\debug\tetris.exe
c:\users\larissa\documents\github\tetris\cgvstudio\debug\tetris.pdb
c:\users\larissa\documents\github\tetris\cgvstudio\cgvstudio\debug\tetris.tlog\cl.command.1.tlog
c:\users\larissa\documents\github\tetris\cgvstudio\cgvstudio\debug\tetris.tlog\cl.read.1.tlog
c:\users\larissa\documents\github\tetris\cgvstudio\cgvstudio\debug\tetris.tlog\cl.write.1.tlog
c:\users\larissa\documents\github\tetris\cgvstudio\cgvstudio\debug\tetris.tlog\link.command.1.tlog
c:\users\larissa\documents\github\tetris\cgvstudio\cgvstudio\debug\tetris.tlog\link.read.1.tlog
c:\users\larissa\documents\github\tetris\cgvstudio\cgvstudio\debug\tetris.tlog\link.write.1.tlog
